Arguments: 
  /usr/local/bin/node /usr/local/Cellar/yarn/1.5.1_1/libexec/bin/yarn.js update

PATH: 
  /Users/paul/.rvm/gems/ruby-2.4.1/bin:/Users/paul/.rvm/gems/ruby-2.4.1@global/bin:/Users/paul/.rvm/rubies/ruby-2.4.1/bin:/usr/local/bin:/usr/bin:/bin:/usr/sbin:/sbin:/Users/paul/.rvm/gems/ruby-2.4.1/bin:/Users/paul/.rvm/gems/ruby-2.4.1@global/bin:/Users/paul/.rvm/rubies/ruby-2.4.1/bin:/Users/paul/Library/Android/sdk/tools:/Users/paul/Library/Android/sdk/platform-tools:/Users/paul/.rvm/bin:/Users/paul/Library/Android/sdk/tools:/Users/paul/Library/Android/sdk/platform-tools

Yarn version: 
  1.5.1

Node version: 
  8.6.0

Platform: 
  darwin x64

npm manifest: 
  {
    "name": "mern",
    "version": "1.0.0",
    "description": "Social Network for Developers",
    "main": "server.js",
    "scripts": {
      "client-install": "npm install --prefix client",
      "start": "node server.js",
      "server": "nodemon server.js",
      "client": "npm start --prefix client",
      "dev": "concurrently \"npm run server\" \"npm run client\""
    },
    "author": "Paul Hanna",
    "license": "MIT",
    "dependencies": {
      "bcryptjs": "^2.4.3",
      "body-parser": "^1.18.3",
      "concurrently": "^3.6.0",
      "express": "^4.16.3",
      "gravatar": "^1.6.0",
      "jsonwebtoken": "^8.3.0",
      "mongoose": "^5.2.0",
      "passport": "^0.4.0",
      "passport-jwt": "^4.0.0",
      "validator": "^9.4.1"
    }
  }

yarn manifest: 
  No manifest

Lockfile: 
  No lockfile

Trace: 
  Error: Command "update" not found.
      at new MessageError (/usr/local/Cellar/yarn/1.5.1_1/libexec/lib/cli.js:186:110)
      at /usr/local/Cellar/yarn/1.5.1_1/libexec/lib/cli.js:87307:17
      at Generator.next (<anonymous>)
      at step (/usr/local/Cellar/yarn/1.5.1_1/libexec/lib/cli.js:98:30)
      at /usr/local/Cellar/yarn/1.5.1_1/libexec/lib/cli.js:116:14
      at Promise (<anonymous>)
      at F (/usr/local/Cellar/yarn/1.5.1_1/libexec/lib/cli.js:23451:28)
      at /usr/local/Cellar/yarn/1.5.1_1/libexec/lib/cli.js:95:12
      at runCommand (/usr/local/Cellar/yarn/1.5.1_1/libexec/lib/cli.js:87312:22)
      at Object.<anonymous> (/usr/local/Cellar/yarn/1.5.1_1/libexec/lib/cli.js:87412:14)
